c:\users\castr\source\repos\02-bubble\02-bubble\debug\vc143.pdb
c:\users\castr\source\repos\02-bubble\02-bubble\debug\vc143.idb
c:\users\castr\source\repos\02-bubble\02-bubble\debug\tilemap.obj
c:\users\castr\source\repos\02-bubble\02-bubble\debug\texture.obj
c:\users\castr\source\repos\02-bubble\02-bubble\debug\sprite.obj
c:\users\castr\source\repos\02-bubble\02-bubble\debug\shaderprogram.obj
c:\users\castr\source\repos\02-bubble\02-bubble\debug\shader.obj
c:\users\castr\source\repos\02-bubble\02-bubble\debug\scenemenu.obj
c:\users\castr\source\repos\02-bubble\02-bubble\debug\scene.obj
c:\users\castr\source\repos\02-bubble\02-bubble\debug\player.obj
c:\users\castr\source\repos\02-bubble\02-bubble\debug\pass.obj
c:\users\castr\source\repos\02-bubble\02-bubble\debug\oso.obj
c:\users\castr\source\repos\02-bubble\02-bubble\debug\object.obj
c:\users\castr\source\repos\02-bubble\02-bubble\debug\music.obj
c:\users\castr\source\repos\02-bubble\02-bubble\debug\main.obj
c:\users\castr\source\repos\02-bubble\02-bubble\debug\instrucciones.obj
c:\users\castr\source\repos\02-bubble\02-bubble\debug\gameover.obj
c:\users\castr\source\repos\02-bubble\02-bubble\debug\game.obj
c:\users\castr\source\repos\02-bubble\02-bubble\debug\enemy.obj
c:\users\castr\source\repos\02-bubble\02-bubble\debug\creditos.obj
c:\users\castr\source\repos\02-bubble\02-bubble\debug\02-bubble.ilk
c:\users\castr\source\repos\02-bubble\debug\02-bubble.exe
c:\users\castr\source\repos\02-bubble\debug\02-bubble.pdb
c:\users\castr\source\repos\02-bubble\02-bubble\debug\02-bubble.tlog\cl.command.1.tlog
c:\users\castr\source\repos\02-bubble\02-bubble\debug\02-bubble.tlog\cl.read.1.tlog
c:\users\castr\source\repos\02-bubble\02-bubble\debug\02-bubble.tlog\cl.write.1.tlog
c:\users\castr\source\repos\02-bubble\02-bubble\debug\02-bubble.tlog\link.command.1.tlog
c:\users\castr\source\repos\02-bubble\02-bubble\debug\02-bubble.tlog\link.read.1.tlog
c:\users\castr\source\repos\02-bubble\02-bubble\debug\02-bubble.tlog\link.write.1.tlog
